  [4;36;1mSQL (0.4ms)[0m   [0;1mSET NAMES 'utf8'[0m
  [4;35;1mSQL (0.5ms)[0m   [0mSET SQL_AUTO_IS_NULL=0[0m
  [4;36;1mSQL (0.5ms)[0m   [0;1mSHOW TABLES[0m
  [4;35;1mSQL (307.0ms)[0m   [0mCREATE TABLE `schema_migrations` (`version` varchar(255) NOT NULL) ENGINE=InnoDB[0m
  [4;36;1mSQL (0.3ms)[0m   [0;1mSHOW KEYS FROM `schema_migrations`[0m
  [4;35;1mSQL (419.6ms)[0m   [0mCREATE UNIQUE INDEX `unique_schema_migrations` ON `schema_migrations` (`version`)[0m
  [4;36;1mSQL (0.4ms)[0m   [0;1mSHOW TABLES[0m
  [4;35;1mSQL (0.4ms)[0m   [0mSELECT version FROM schema_migrations[0m
Migrating to Catalog (20150829093426)
  [4;36;1mSQL (238.7ms)[0m   [0;1mCREATE TABLE `catalogs` (`id` int(11) DEFAULT NULL auto_increment PRIMARY KEY, `title` varchar(255), `description` varchar(255), `vendor_id` int(11), `price` decimal, `quantity` int(11), `created_at` datetime, `updated_at` datetime) ENGINE=InnoDB[0m
  [4;35;1mSQL (132.0ms)[0m   [0mINSERT INTO schema_migrations (version) VALUES ('20150829093426')[0m
  [4;36;1mSQL (0.3ms)[0m   [0;1mSHOW TABLES[0m
  [4;35;1mSQL (0.4ms)[0m   [0mSELECT version FROM schema_migrations[0m
  [4;36;1mSQL (0.4ms)[0m   [0;1mSHOW TABLES[0m
  [4;35;1mSQL (1.8ms)[0m   [0mSHOW FIELDS FROM `catalogs`[0m
  [4;36;1mSQL (1.2ms)[0m   [0;1mdescribe `catalogs`[0m
  [4;35;1mSQL (0.4ms)[0m   [0mSHOW KEYS FROM `catalogs`[0m
  [4;36;1mSQL (0.3ms)[0m   [0;1mSET NAMES 'utf8'[0m
  [4;35;1mSQL (0.1ms)[0m   [0mSET SQL_AUTO_IS_NULL=0[0m
  [4;36;1mSQL (0.5ms)[0m   [0;1mSHOW TABLES[0m
  [4;35;1mSQL (0.3ms)[0m   [0mSELECT version FROM schema_migrations[0m
Migrating to Catalog (20150829093426)
Migrating to SiteCatalog (20150829094631)
  [4;36;1mSQL (370.5ms)[0m   [0;1mCREATE TABLE `site_catalogs` (`id` int(11) DEFAULT NULL auto_increment PRIMARY KEY, `cat_id` int(11), `site_id` int(11), `purchased` tinyint(1), `created_at` datetime, `updated_at` datetime) ENGINE=InnoDB[0m
  [4;35;1mSQL (131.7ms)[0m   [0mINSERT INTO schema_migrations (version) VALUES ('20150829094631')[0m
Migrating to Site (20150829094832)
  [4;36;1mSQL (249.3ms)[0m   [0;1mCREATE TABLE `sites` (`id` int(11) DEFAULT NULL auto_increment PRIMARY KEY, `name` varchar(255), `shipping_address` varchar(255), `owner_name` varchar(255), `contact` varchar(255), `created_at` datetime, `updated_at` datetime) ENGINE=InnoDB[0m
  [4;35;1mSQL (131.6ms)[0m   [0mINSERT INTO schema_migrations (version) VALUES ('20150829094832')[0m
Migrating to Guest (20150829095029)
  [4;36;1mSQL (252.4ms)[0m   [0;1mCREATE TABLE `guests` (`id` int(11) DEFAULT NULL auto_increment PRIMARY KEY, `name` varchar(255), `address` varchar(255), `contact` varchar(255), `site_id` int(11), `created_at` datetime, `updated_at` datetime) ENGINE=InnoDB[0m
  [4;35;1mSQL (109.5ms)[0m   [0mINSERT INTO schema_migrations (version) VALUES ('20150829095029')[0m
Migrating to Order (20150829095350)
  [4;36;1mSQL (0.0ms)[0m   [0;1mMysql::Error: Table 'guests' already exists: CREATE TABLE `guests` (`id` int(11) DEFAULT NULL auto_increment PRIMARY KEY, `shipping_address` varchar(255), `price` int(11), `guest_id` int(11), `cat_id` int(11), `site_id` int(11), `created_at` datetime, `updated_at` datetime) ENGINE=InnoDB[0m
  [4;36;1mSQL (0.3ms)[0m   [0;1mSET NAMES 'utf8'[0m
  [4;35;1mSQL (0.2ms)[0m   [0mSET SQL_AUTO_IS_NULL=0[0m
  [4;36;1mSQL (0.4ms)[0m   [0;1mSHOW TABLES[0m
  [4;35;1mSQL (0.3ms)[0m   [0mSELECT version FROM schema_migrations[0m
Migrating to Catalog (20150829093426)
Migrating to SiteCatalog (20150829094631)
Migrating to Site (20150829094832)
Migrating to Guest (20150829095029)
Migrating to Order (20150829095350)
  [4;36;1mSQL (246.6ms)[0m   [0;1mCREATE TABLE `orders` (`id` int(11) DEFAULT NULL auto_increment PRIMARY KEY, `shipping_address` varchar(255), `price` int(11), `guest_id` int(11), `cat_id` int(11), `site_id` int(11), `created_at` datetime, `updated_at` datetime) ENGINE=InnoDB[0m
  [4;35;1mSQL (131.7ms)[0m   [0mINSERT INTO schema_migrations (version) VALUES ('20150829095350')[0m
Migrating to Vendor (20150829100916)
  [4;36;1mSQL (0.0ms)[0m   [0;1mMysql::Error: Table 'guests' already exists: CREATE TABLE `guests` (`id` int(11) DEFAULT NULL auto_increment PRIMARY KEY, `name` varchar(255), `contact` int(11), `address` varchar(255), `rating` int(11), `created_at` datetime, `updated_at` datetime) ENGINE=InnoDB[0m
  [4;36;1mSQL (0.2ms)[0m   [0;1mSET NAMES 'utf8'[0m
  [4;35;1mSQL (0.2ms)[0m   [0mSET SQL_AUTO_IS_NULL=0[0m
  [4;36;1mSQL (0.4ms)[0m   [0;1mSHOW TABLES[0m
  [4;35;1mSQL (0.3ms)[0m   [0mSELECT version FROM schema_migrations[0m
Migrating to Catalog (20150829093426)
Migrating to SiteCatalog (20150829094631)
Migrating to Site (20150829094832)
Migrating to Guest (20150829095029)
Migrating to Order (20150829095350)
Migrating to Vendor (20150829100916)
  [4;36;1mSQL (314.4ms)[0m   [0;1mCREATE TABLE `vendors` (`id` int(11) DEFAULT NULL auto_increment PRIMARY KEY, `name` varchar(255), `contact` int(11), `address` varchar(255), `rating` int(11), `created_at` datetime, `updated_at` datetime) ENGINE=InnoDB[0m
  [4;35;1mSQL (131.9ms)[0m   [0mINSERT INTO schema_migrations (version) VALUES ('20150829100916')[0m
  [4;36;1mSQL (0.7ms)[0m   [0;1mSHOW TABLES[0m
  [4;35;1mSQL (0.4ms)[0m   [0mSELECT version FROM schema_migrations[0m
  [4;36;1mSQL (0.2ms)[0m   [0;1mSHOW TABLES[0m
  [4;35;1mSQL (0.8ms)[0m   [0mSHOW FIELDS FROM `catalogs`[0m
  [4;36;1mSQL (0.8ms)[0m   [0;1mdescribe `catalogs`[0m
  [4;35;1mSQL (0.3ms)[0m   [0mSHOW KEYS FROM `catalogs`[0m
  [4;36;1mSQL (0.7ms)[0m   [0;1mSHOW FIELDS FROM `guests`[0m
  [4;35;1mSQL (0.7ms)[0m   [0mdescribe `guests`[0m
  [4;36;1mSQL (0.3ms)[0m   [0;1mSHOW KEYS FROM `guests`[0m
  [4;35;1mSQL (0.7ms)[0m   [0mSHOW FIELDS FROM `orders`[0m
  [4;36;1mSQL (0.6ms)[0m   [0;1mdescribe `orders`[0m
  [4;35;1mSQL (0.3ms)[0m   [0mSHOW KEYS FROM `orders`[0m
  [4;36;1mSQL (0.7ms)[0m   [0;1mSHOW FIELDS FROM `site_catalogs`[0m
  [4;35;1mSQL (0.6ms)[0m   [0mdescribe `site_catalogs`[0m
  [4;36;1mSQL (0.2ms)[0m   [0;1mSHOW KEYS FROM `site_catalogs`[0m
  [4;35;1mSQL (0.6ms)[0m   [0mSHOW FIELDS FROM `sites`[0m
  [4;36;1mSQL (0.6ms)[0m   [0;1mdescribe `sites`[0m
  [4;35;1mSQL (0.3ms)[0m   [0mSHOW KEYS FROM `sites`[0m
  [4;36;1mSQL (0.7ms)[0m   [0;1mSHOW FIELDS FROM `vendors`[0m
  [4;35;1mSQL (0.6ms)[0m   [0mdescribe `vendors`[0m
  [4;36;1mSQL (0.3ms)[0m   [0;1mSHOW KEYS FROM `vendors`[0m
